<?xml version="1.0" encoding="UTF-8"?>
<testsuite xmlns:xsi="http://www.w3.org/2001/XMLSchema-instance" xsi:noNamespaceSchemaLocation="https://maven.apache.org/surefire/maven-surefire-plugin/xsd/surefire-test-report-3.0.xsd" version="3.0" name="com.example.miniapp.MiniAppApplicationTests" time="2.094" tests="1" errors="0" skipped="0" failures="0">
  <properties>
[...]
</properties>
  <testcase name="contextLoads" classname="com.example.miniapp.MiniAppApplicationTests" time="0.276">
    <system-out><![CDATA[16:02:19.949 [main] INFO org.springframework.boot.devtools.restart.RestartApplicationListener -- Restart disabled due to context in which it is running

  .   ____          _            __ _ _
 /\\ / ___'_ __ _ _(_)_ __  __ _ \ \ \ \
( ( )\___ | '_ | '_| | '_ \/ _` | \ \ \ \
 \\/  ___)| |_)| | | | | || (_| |  ) ) ) )
  '  |____| .__|_| |_|_| |_\__, | / / / /
 =========|_|==============|___/=/_/_/_/
&amp#27;[32m :: Spring Boot :: &amp#27;[39m              &amp#27;[2m (v3.2.4)&amp#27;[0;39m

&amp#27;[2m2025-04-20T16:02:20.035+02:00&amp#27;[0;39m &amp#27;[32m INFO&amp#27;[0;39m &amp#27;[35m32584&amp#27;[0;39m &amp#27;[2m---&amp#27;[0;39m &amp#27;[2m[ride-sharing-service] [           main]&amp#27;[0;39m &amp#27;[2m&amp#27;[0;39m&amp#27;[36mc.e.miniapp.MiniAppApplicationTests     &amp#27;[0;39m &amp#27;[2m:&amp#27;[0;39m Starting MiniAppApplicationTests using Java 23.0.2 with PID 32584 (started by hazzouma in /Users/hazzouma/Documents/uni/sem 19/Ride Sharing Task/Ride-sharing-ACL)
&amp#27;[2m2025-04-20T16:02:20.035+02:00&amp#27;[0;39m &amp#27;[32mDEBUG&amp#27;[0;39m &amp#27;[35m32584&amp#27;[0;39m &amp#27;[2m---&amp#27;[0;39m &amp#27;[2m[ride-sharing-service] [           main]&amp#27;[0;39m &amp#27;[2m&amp#27;[0;39m&amp#27;[36mc.e.miniapp.MiniAppApplicationTests     &amp#27;[0;39m &amp#27;[2m:&amp#27;[0;39m Running with Spring Boot v3.2.4, Spring v6.1.5
&amp#27;[2m2025-04-20T16:02:20.035+02:00&amp#27;[0;39m &amp#27;[32m INFO&amp#27;[0;39m &amp#27;[35m32584&amp#27;[0;39m &amp#27;[2m---&amp#27;[0;39m &amp#27;[2m[ride-sharing-service] [           main]&amp#27;[0;39m &amp#27;[2m&amp#27;[0;39m&amp#27;[36mc.e.miniapp.MiniAppApplicationTests     &amp#27;[0;39m &amp#27;[2m:&amp#27;[0;39m No active profile set, falling back to 1 default profile: "default"
&amp#27;[2m2025-04-20T16:02:20.248+02:00&amp#27;[0;39m &amp#27;[32m INFO&amp#27;[0;39m &amp#27;[35m32584&amp#27;[0;39m &amp#27;[2m---&amp#27;[0;39m &amp#27;[2m[ride-sharing-service] [           main]&amp#27;[0;39m &amp#27;[2m&amp#27;[0;39m&amp#27;[36m.s.d.r.c.RepositoryConfigurationDelegate&amp#27;[0;39m &amp#27;[2m:&amp#27;[0;39m Multiple Spring Data modules found, entering strict repository configuration mode
&amp#27;[2m2025-04-20T16:02:20.248+02:00&amp#27;[0;39m &amp#27;[32m INFO&amp#27;[0;39m &amp#27;[35m32584&amp#27;[0;39m &amp#27;[2m---&amp#27;[0;39m &amp#27;[2m[ride-sharing-service] [           main]&amp#27;[0;39m &amp#27;[2m&amp#27;[0;39m&amp#27;[36m.s.d.r.c.RepositoryConfigurationDelegate&amp#27;[0;39m &amp#27;[2m:&amp#27;[0;39m Bootstrapping Spring Data JPA repositories in DEFAULT mode.
&amp#27;[2m2025-04-20T16:02:20.266+02:00&amp#27;[0;39m &amp#27;[32m INFO&amp#27;[0;39m &amp#27;[35m32584&amp#27;[0;39m &amp#27;[2m---&amp#27;[0;39m &amp#27;[2m[ride-sharing-service] [           main]&amp#27;[0;39m &amp#27;[2m&amp#27;[0;39m&amp#27;[36m.s.d.r.c.RepositoryConfigurationDelegate&amp#27;[0;39m &amp#27;[2m:&amp#27;[0;39m Finished Spring Data repository scanning in 15 ms. Found 1 JPA repository interface.
&amp#27;[2m2025-04-20T16:02:20.282+02:00&amp#27;[0;39m &amp#27;[32m INFO&amp#27;[0;39m &amp#27;[35m32584&amp#27;[0;39m &amp#27;[2m---&amp#27;[0;39m &amp#27;[2m[ride-sharing-service] [           main]&amp#27;[0;39m &amp#27;[2m&amp#27;[0;39m&amp#27;[36m.s.d.r.c.RepositoryConfigurationDelegate&amp#27;[0;39m &amp#27;[2m:&amp#27;[0;39m Multiple Spring Data modules found, entering strict repository configuration mode
&amp#27;[2m2025-04-20T16:02:20.282+02:00&amp#27;[0;39m &amp#27;[32m INFO&amp#27;[0;39m &amp#27;[35m32584&amp#27;[0;39m &amp#27;[2m---&amp#27;[0;39m &amp#27;[2m[ride-sharing-service] [           main]&amp#27;[0;39m &amp#27;[2m&amp#27;[0;39m&amp#27;[36m.s.d.r.c.RepositoryConfigurationDelegate&amp#27;[0;39m &amp#27;[2m:&amp#27;[0;39m Bootstrapping Spring Data MongoDB repositories in DEFAULT mode.
&amp#27;[2m2025-04-20T16:02:20.284+02:00&amp#27;[0;39m &amp#27;[32m INFO&amp#27;[0;39m &amp#27;[35m32584&amp#27;[0;39m &amp#27;[2m---&amp#27;[0;39m &amp#27;[2m[ride-sharing-service] [           main]&amp#27;[0;39m &amp#27;[2m&amp#27;[0;39m&amp#27;[36m.RepositoryConfigurationExtensionSupport&amp#27;[0;39m &amp#27;[2m:&amp#27;[0;39m Spring Data MongoDB - Could not safely identify store assignment for repository candidate interface com.example.miniapp.repositories.PaymentRepository; If you want this repository to be a MongoDB repository, consider annotating your entities with one of these annotations: org.springframework.data.mongodb.core.mapping.Document (preferred), or consider extending one of the following types with your repository: org.springframework.data.mongodb.repository.MongoRepository
&amp#27;[2m2025-04-20T16:02:20.284+02:00&amp#27;[0;39m &amp#27;[32m INFO&amp#27;[0;39m &amp#27;[35m32584&amp#27;[0;39m &amp#27;[2m---&amp#27;[0;39m &amp#27;[2m[ride-sharing-service] [           main]&amp#27;[0;39m &amp#27;[2m&amp#27;[0;39m&amp#27;[36m.s.d.r.c.RepositoryConfigurationDelegate&amp#27;[0;39m &amp#27;[2m:&amp#27;[0;39m Finished Spring Data repository scanning in 2 ms. Found 0 MongoDB repository interfaces.
&amp#27;[2m2025-04-20T16:02:20.420+02:00&amp#27;[0;39m &amp#27;[32m INFO&amp#27;[0;39m &amp#27;[35m32584&amp#27;[0;39m &amp#27;[2m---&amp#27;[0;39m &amp#27;[2m[ride-sharing-service] [           main]&amp#27;[0;39m &amp#27;[2m&amp#27;[0;39m&amp#27;[36mo.hibernate.jpa.internal.util.LogHelper &amp#27;[0;39m &amp#27;[2m:&amp#27;[0;39m HHH000204: Processing PersistenceUnitInfo [name: default]
&amp#27;[2m2025-04-20T16:02:20.441+02:00&amp#27;[0;39m &amp#27;[32m INFO&amp#27;[0;39m &amp#27;[35m32584&amp#27;[0;39m &amp#27;[2m---&amp#27;[0;39m &amp#27;[2m[ride-sharing-service] [           main]&amp#27;[0;39m &amp#27;[2m&amp#27;[0;39m&amp#27;[36morg.hibernate.Version                   &amp#27;[0;39m &amp#27;[2m:&amp#27;[0;39m HHH000412: Hibernate ORM core version 6.4.4.Final
&amp#27;[2m2025-04-20T16:02:20.451+02:00&amp#27;[0;39m &amp#27;[32m INFO&amp#27;[0;39m &amp#27;[35m32584&amp#27;[0;39m &amp#27;[2m---&amp#27;[0;39m &amp#27;[2m[ride-sharing-service] [           main]&amp#27;[0;39m &amp#27;[2m&amp#27;[0;39m&amp#27;[36mo.h.c.internal.RegionFactoryInitiator   &amp#27;[0;39m &amp#27;[2m:&amp#27;[0;39m HHH000026: Second-level cache disabled
&amp#27;[2m2025-04-20T16:02:20.531+02:00&amp#27;[0;39m &amp#27;[32m INFO&amp#27;[0;39m &amp#27;[35m32584&amp#27;[0;39m &amp#27;[2m---&amp#27;[0;39m &amp#27;[2m[ride-sharing-service] [           main]&amp#27;[0;39m &amp#27;[2m&amp#27;[0;39m&amp#27;[36mo.s.o.j.p.SpringPersistenceUnitInfo     &amp#27;[0;39m &amp#27;[2m:&amp#27;[0;39m No LoadTimeWeaver setup: ignoring JPA class transformer
&amp#27;[2m2025-04-20T16:02:20.544+02:00&amp#27;[0;39m &amp#27;[32m INFO&amp#27;[0;39m &amp#27;[35m32584&amp#27;[0;39m &amp#27;[2m---&amp#27;[0;39m &amp#27;[2m[ride-sharing-service] [           main]&amp#27;[0;39m &amp#27;[2m&amp#27;[0;39m&amp#27;[36mcom.zaxxer.hikari.HikariDataSource      &amp#27;[0;39m &amp#27;[2m:&amp#27;[0;39m HikariPool-1 - Starting...
&amp#27;[2m2025-04-20T16:02:20.618+02:00&amp#27;[0;39m &amp#27;[32m INFO&amp#27;[0;39m &amp#27;[35m32584&amp#27;[0;39m &amp#27;[2m---&amp#27;[0;39m &amp#27;[2m[ride-sharing-service] [           main]&amp#27;[0;39m &amp#27;[2m&amp#27;[0;39m&amp#27;[36mcom.zaxxer.hikari.pool.HikariPool       &amp#27;[0;39m &amp#27;[2m:&amp#27;[0;39m HikariPool-1 - Added connection conn0: url=jdbc:h2:mem:testdb user=SA
&amp#27;[2m2025-04-20T16:02:20.618+02:00&amp#27;[0;39m &amp#27;[32m INFO&amp#27;[0;39m &amp#27;[35m32584&amp#27;[0;39m &amp#27;[2m---&amp#27;[0;39m &amp#27;[2m[ride-sharing-service] [           main]&amp#27;[0;39m &amp#27;[2m&amp#27;[0;39m&amp#27;[36mcom.zaxxer.hikari.HikariDataSource      &amp#27;[0;39m &amp#27;[2m:&amp#27;[0;39m HikariPool-1 - Start completed.
&amp#27;[2m2025-04-20T16:02:20.629+02:00&amp#27;[0;39m &amp#27;[33m WARN&amp#27;[0;39m &amp#27;[35m32584&amp#27;[0;39m &amp#27;[2m---&amp#27;[0;39m &amp#27;[2m[ride-sharing-service] [           main]&amp#27;[0;39m &amp#27;[2m&amp#27;[0;39m&amp#27;[36morg.hibernate.dialect.Dialect           &amp#27;[0;39m &amp#27;[2m:&amp#27;[0;39m HHH000511: The 2.2.0 version for [org.hibernate.dialect.PostgreSQLDialect] is no longer supported, hence certain features may not work properly. The minimum supported version is 12.0.0. Check the community dialects project for available legacy versions.
&amp#27;[2m2025-04-20T16:02:20.632+02:00&amp#27;[0;39m &amp#27;[33m WARN&amp#27;[0;39m &amp#27;[35m32584&amp#27;[0;39m &amp#27;[2m---&amp#27;[0;39m &amp#27;[2m[ride-sharing-service] [           main]&amp#27;[0;39m &amp#27;[2m&amp#27;[0;39m&amp#27;[36morg.hibernate.orm.deprecation           &amp#27;[0;39m &amp#27;[2m:&amp#27;[0;39m HHH90000025: PostgreSQLDialect does not need to be specified explicitly using 'hibernate.dialect' (remove the property setting and it will be selected by default)
&amp#27;[2m2025-04-20T16:02:21.021+02:00&amp#27;[0;39m &amp#27;[32m INFO&amp#27;[0;39m &amp#27;[35m32584&amp#27;[0;39m &amp#27;[2m---&amp#27;[0;39m &amp#27;[2m[ride-sharing-service] [           main]&amp#27;[0;39m &amp#27;[2m&amp#27;[0;39m&amp#27;[36mo.h.e.t.j.p.i.JtaPlatformInitiator      &amp#27;[0;39m &amp#27;[2m:&amp#27;[0;39m HHH000489: No JTA platform available (set 'hibernate.transaction.jta.platform' to enable JTA platform integration)
Hibernate: 
    alter table if exists payments 
       drop constraint if exists FKk1k4eds595iabbddfl58901jm
Hibernate: 
    alter table if exists trips 
       drop constraint if exists FKg9rsgwy9g2gtwtjw142wlgo97
Hibernate: 
    alter table if exists trips 
       drop constraint if exists FKnghaxh3sjtlbwd9a1oag294q0
Hibernate: 
    drop table if exists captains cascade
Hibernate: 
    drop table if exists customers cascade
Hibernate: 
    drop table if exists payments cascade
Hibernate: 
    drop table if exists trips cascade
Hibernate: 
    create table captains (
        id bigserial not null,
        email varchar(255) not null unique,
        name varchar(255) not null,
        phone_number varchar(255) not null unique,
        vehicle_details varchar(255),
        primary key (id)
    )
Hibernate: 
    create table customers (
        id bigserial not null,
        email varchar(255) not null unique,
        name varchar(255) not null,
        phone_number varchar(255) not null,
        primary key (id)
    )
Hibernate: 
    create table payments (
        amount numeric(38,2) not null,
        id bigserial not null,
        payment_time timestamp(6) not null,
        trip_id bigint not null unique,
        payment_method varchar(255) check (payment_method in ('CREDIT_CARD','DEBIT_CARD','CASH','WALLET')),
        status varchar(255) check (status in ('PENDING','COMPLETED','FAILED')),
        primary key (id)
    )
Hibernate: 
    create table trips (
        captain_id bigint not null,
        customer_id bigint not null,
        end_time timestamp(6),
        id bigserial not null,
        start_time timestamp(6) not null,
        end_location varchar(255) not null,
        start_location varchar(255) not null,
        status varchar(255) check (status in ('REQUESTED','ACCEPTED','IN_PROGRESS','COMPLETED','CANCELLED')),
        primary key (id)
    )
Hibernate: 
    alter table if exists payments 
       add constraint FKk1k4eds595iabbddfl58901jm 
       foreign key (trip_id) 
       references trips
Hibernate: 
    alter table if exists trips 
       add constraint FKg9rsgwy9g2gtwtjw142wlgo97 
       foreign key (captain_id) 
       references captains
Hibernate: 
    alter table if exists trips 
       add constraint FKnghaxh3sjtlbwd9a1oag294q0 
       foreign key (customer_id) 
       references customers
&amp#27;[2m2025-04-20T16:02:21.043+02:00&amp#27;[0;39m &amp#27;[32m INFO&amp#27;[0;39m &amp#27;[35m32584&amp#27;[0;39m &amp#27;[2m---&amp#27;[0;39m &amp#27;[2m[ride-sharing-service] [           main]&amp#27;[0;39m &amp#27;[2m&amp#27;[0;39m&amp#27;[36mj.LocalContainerEntityManagerFactoryBean&amp#27;[0;39m &amp#27;[2m:&amp#27;[0;39m Initialized JPA EntityManagerFactory for persistence unit 'default'
&amp#27;[2m2025-04-20T16:02:21.157+02:00&amp#27;[0;39m &amp#27;[33m WARN&amp#27;[0;39m &amp#27;[35m32584&amp#27;[0;39m &amp#27;[2m---&amp#27;[0;39m &amp#27;[2m[ride-sharing-service] [           main]&amp#27;[0;39m &amp#27;[2m&amp#27;[0;39m&amp#27;[36mJpaBaseConfiguration$JpaWebConfiguration&amp#27;[0;39m &amp#27;[2m:&amp#27;[0;39m spring.jpa.open-in-view is enabled by default. Therefore, database queries may be performed during view rendering. Explicitly configure spring.jpa.open-in-view to disable this warning
&amp#27;[2m2025-04-20T16:02:21.547+02:00&amp#27;[0;39m &amp#27;[32m INFO&amp#27;[0;39m &amp#27;[35m32584&amp#27;[0;39m &amp#27;[2m---&amp#27;[0;39m &amp#27;[2m[ride-sharing-service] [           main]&amp#27;[0;39m &amp#27;[2m&amp#27;[0;39m&amp#27;[36morg.mongodb.driver.client               &amp#27;[0;39m &amp#27;[2m:&amp#27;[0;39m MongoClient with metadata {"driver": {"name": "mongo-java-driver|sync|spring-boot", "version": "4.11.1"}, "os": {"type": "Darwin", "name": "Mac OS X", "architecture": "aarch64", "version": "15.2"}, "platform": "Java/Oracle Corporation/23.0.2+7-58"} created with settings MongoClientSettings{readPreference=primary, writeConcern=WriteConcern{w=null, wTimeout=null ms, journal=null}, retryWrites=true, retryReads=true, readConcern=ReadConcern{level=null}, credential=null, transportSettings=null, streamFactoryFactory=null, commandListeners=[], codecRegistry=ProvidersCodecRegistry{codecProviders=[ValueCodecProvider{}, BsonValueCodecProvider{}, DBRefCodecProvider{}, DBObjectCodecProvider{}, DocumentCodecProvider{}, CollectionCodecProvider{}, IterableCodecProvider{}, MapCodecProvider{}, GeoJsonCodecProvider{}, GridFSFileCodecProvider{}, Jsr310CodecProvider{}, JsonObjectCodecProvider{}, BsonCodecProvider{}, EnumCodecProvider{}, com.mongodb.client.model.mql.ExpressionCodecProvider@77e1b84c, com.mongodb.Jep395RecordCodecProvider@12d8e6b6, com.mongodb.KotlinCodecProvider@6d911985]}, loggerSettings=LoggerSettings{maxDocumentLength=1000}, clusterSettings={hosts=[localhost:27017], srvServiceName=mongodb, mode=SINGLE, requiredClusterType=UNKNOWN, requiredReplicaSetName='null', serverSelector='null', clusterListeners='[]', serverSelectionTimeout='30000 ms', localThreshold='15 ms'}, socketSettings=SocketSettings{connectTimeoutMS=10000, readTimeoutMS=0, receiveBufferSize=0, proxySettings=ProxySettings{host=null, port=null, username=null, password=null}}, heartbeatSocketSettings=SocketSettings{connectTimeoutMS=10000, readTimeoutMS=10000, receiveBufferSize=0, proxySettings=ProxySettings{host=null, port=null, username=null, password=null}}, connectionPoolSettings=ConnectionPoolSettings{maxSize=100, minSize=0, maxWaitTimeMS=120000, maxConnectionLifeTimeMS=0, maxConnectionIdleTimeMS=0, maintenanceInitialDelayMS=0, maintenanceFrequencyMS=60000, connectionPoolListeners=[], maxConnecting=2}, serverSettings=ServerSettings{heartbeatFrequencyMS=10000, minHeartbeatFrequencyMS=500, serverListeners='[]', serverMonitorListeners='[]'}, sslSettings=SslSettings{enabled=false, invalidHostNameAllowed=false, context=null}, applicationName='null', compressorList=[], uuidRepresentation=JAVA_LEGACY, serverApi=null, autoEncryptionSettings=null, dnsClient=null, inetAddressResolver=null, contextProvider=null}
&amp#27;[2m2025-04-20T16:02:21.556+02:00&amp#27;[0;39m &amp#27;[32m INFO&amp#27;[0;39m &amp#27;[35m32584&amp#27;[0;39m &amp#27;[2m---&amp#27;[0;39m &amp#27;[2m[ride-sharing-service] [localhost:27017]&amp#27;[0;39m &amp#27;[2m&amp#27;[0;39m&amp#27;[36morg.mongodb.driver.cluster              &amp#27;[0;39m &amp#27;[2m:&amp#27;[0;39m Exception in monitor thread while connecting to server localhost:27017

com.mongodb.MongoSocketOpenException: Exception opening socket
	at com.mongodb.internal.connection.SocketStream.lambda$open$0(SocketStream.java:84) ~[mongodb-driver-core-4.11.1.jar:na]
	at java.base/java.util.Optional.orElseThrow(Optional.java:403) ~[na:na]
	at com.mongodb.internal.connection.SocketStream.open(SocketStream.java:84) ~[mongodb-driver-core-4.11.1.jar:na]
	at com.mongodb.internal.connection.InternalStreamConnection.open(InternalStreamConnection.java:211) ~[mongodb-driver-core-4.11.1.jar:na]
	at com.mongodb.internal.connection.DefaultServerMonitor$ServerMonitorRunnable.lookupServerDescription(DefaultServerMonitor.java:196) ~[mongodb-driver-core-4.11.1.jar:na]
	at com.mongodb.internal.connection.DefaultServerMonitor$ServerMonitorRunnable.run(DefaultServerMonitor.java:156) ~[mongodb-driver-core-4.11.1.jar:na]
	at java.base/java.lang.Thread.run(Thread.java:1575) ~[na:na]
Caused by: java.net.ConnectException: Connection refused
	at java.base/sun.nio.ch.Net.pollConnect(Native Method) ~[na:na]
	at java.base/sun.nio.ch.Net.pollConnectNow(Net.java:682) ~[na:na]
	at java.base/sun.nio.ch.NioSocketImpl.timedFinishConnect(NioSocketImpl.java:542) ~[na:na]
	at java.base/sun.nio.ch.NioSocketImpl.connect(NioSocketImpl.java:592) ~[na:na]
	at java.base/java.net.SocksSocketImpl.connect(SocksSocketImpl.java:327) ~[na:na]
	at java.base/java.net.Socket.connect(Socket.java:760) ~[na:na]
	at com.mongodb.internal.connection.SocketStreamHelper.initialize(SocketStreamHelper.java:76) ~[mongodb-driver-core-4.11.1.jar:na]
	at com.mongodb.internal.connection.SocketStream.initializeSocket(SocketStream.java:104) ~[mongodb-driver-core-4.11.1.jar:na]
	at com.mongodb.internal.connection.SocketStream.open(SocketStream.java:78) ~[mongodb-driver-core-4.11.1.jar:na]
	... 4 common frames omitted

&amp#27;[2m2025-04-20T16:02:21.625+02:00&amp#27;[0;39m &amp#27;[32m INFO&amp#27;[0;39m &amp#27;[35m32584&amp#27;[0;39m &amp#27;[2m---&amp#27;[0;39m &amp#27;[2m[ride-sharing-service] [           main]&amp#27;[0;39m &amp#27;[2m&amp#27;[0;39m&amp#27;[36mc.e.miniapp.MiniAppApplicationTests     &amp#27;[0;39m &amp#27;[2m:&amp#27;[0;39m Started MiniAppApplicationTests in 1.681 seconds (process running for 2.006)
]]></system-out>
    <system-err><![CDATA[WARNING: A Java agent has been loaded dynamically (/Users/hazzouma/.m2/repository/net/bytebuddy/byte-buddy-agent/1.14.12/byte-buddy-agent-1.14.12.jar)
WARNING: If a serviceability tool is in use, please run with -XX:+EnableDynamicAgentLoading to hide this warning
WARNING: If a serviceability tool is not in use, please run with -Djdk.instrument.traceUsage for more information
WARNING: Dynamic loading of agents will be disallowed by default in a future release
]]></system-err>
  </testcase>
</testsuite>